<?xml version="1.0" encoding="UTF-8"?>
<testng-results ignored="0" total="1" passed="1" failed="0" skipped="0">
  <reporter-output>
  </reporter-output>
  <suite started-at="2022-10-01T20:24:49 ICT" name="Default suite" finished-at="2022-10-01T20:24:52 ICT" duration-ms="3031">
    <groups>
    </groups>
    <test started-at="2022-10-01T20:24:49 ICT" name="Default test" finished-at="2022-10-01T20:24:52 ICT" duration-ms="3031">
      <class name="TesDemo.get_listBook">
        <test-method signature="getListBook()[pri:0, instance:TesDemo.get_listBook@625732]" started-at="2022-10-01T20:24:49 ICT" name="getListBook" finished-at="2022-10-01T20:24:52 ICT" duration-ms="2978" status="PASS">
          <reporter-output>
          </reporter-output>
        </test-method> <!-- getListBook -->
      </class> <!-- TesDemo.get_listBook -->
    </test> <!-- Default test -->
  </suite> <!-- Default suite -->
</testng-results>
